<?xml version="1.0" encoding="UTF-8"?>
<testng-results skipped="0" failed="0" ignored="0" total="1" passed="1">
  <reporter-output>
  </reporter-output>
  <suite name="Suite" duration-ms="2822" started-at="2020-02-29T02:57:27Z" finished-at="2020-02-29T02:57:30Z">
    <groups>
    </groups>
    <test name="Test" duration-ms="2822" started-at="2020-02-29T02:57:27Z" finished-at="2020-02-29T02:57:30Z">
      <class name="com.testsuite_regression.TestCase_Login">
        <test-method status="PASS" signature="init()[pri:0, instance:com.testsuite_regression.TestCase_Login@65d6b83b]" name="init" is-config="true" duration-ms="8244" started-at="2020-02-28T21:57:18Z" finished-at="2020-02-28T21:57:27Z">
          <reporter-output>
          </reporter-output>
        </test-method> <!-- init -->
        <test-method status="PASS" signature="Logintest()[pri:0, instance:com.testsuite_regression.TestCase_Login@65d6b83b]" name="Logintest" duration-ms="2802" started-at="2020-02-28T21:57:27Z" finished-at="2020-02-28T21:57:30Z">
          <reporter-output>
          </reporter-output>
        </test-method> <!-- Logintest -->
        <test-method status="PASS" signature="tearDown()[pri:0, instance:com.testsuite_regression.TestCase_Login@65d6b83b]" name="tearDown" is-config="true" duration-ms="1703" started-at="2020-02-28T21:57:30Z" finished-at="2020-02-28T21:57:31Z">
          <reporter-output>
          </reporter-output>
        </test-method> <!-- tearDown -->
      </class> <!-- com.testsuite_regression.TestCase_Login -->
    </test> <!-- Test -->
  </suite> <!-- Suite -->
</testng-results>
